2020-03-24 00:08:09.039 ERROR PgBoss Start Error: Migration to version 12 failed because it could not be found.  Your database may have been upgraded by a newer version of pg-boss 
2020-03-24 00:08:23.364 ERROR PgBoss Start Error: Migration to version 12 failed because it could not be found.  Your database may have been upgraded by a newer version of pg-boss 
2020-03-24 00:15:13.373 ERROR PgBoss Start Error: Migration to version 12 failed because it could not be found.  Your database may have been upgraded by a newer version of pg-boss 
2020-03-24 00:36:44.212 ERROR PgBoss Start Error: Migration to version 12 failed because it could not be found.  Your database may have been upgraded by a newer version of pg-boss 
2020-03-24 00:47:24.282 ERROR PgBoss Start Error: Migration to version 12 failed because it could not be found.  Your database may have been upgraded by a newer version of pg-boss 
2020-03-24 00:48:31.499 ERROR PgBoss Start Error: Migration to version 12 failed because it could not be found.  Your database may have been upgraded by a newer version of pg-boss 
2020-03-24 01:01:51.061 ERROR PgBoss Start Error: Migration to version 12 failed because it could not be found.  Your database may have been upgraded by a newer version of pg-boss 
2020-03-24 01:01:58.999 ERROR PgBoss Start Error: Migration to version 12 failed because it could not be found.  Your database may have been upgraded by a newer version of pg-boss 
2020-03-24 01:03:51.605 ERROR PgBoss Start Error: Migration to version 12 failed because it could not be found.  Your database may have been upgraded by a newer version of pg-boss 
2020-03-24 01:09:56.608 ERROR PgBoss Start Error: Migration to version 12 failed because it could not be found.  Your database may have been upgraded by a newer version of pg-boss 
2020-03-24 01:23:26.057 ERROR PgBoss Start Error: Migration to version 12 failed because it could not be found.  Your database may have been upgraded by a newer version of pg-boss 
2020-03-24 01:26:12.994 ERROR PgBoss Start Error: Migration to version 12 failed because it could not be found.  Your database may have been upgraded by a newer version of pg-boss 
2020-03-24 01:27:23.254 ERROR PgBoss Start Error: Migration to version 12 failed because it could not be found.  Your database may have been upgraded by a newer version of pg-boss 
2020-03-24 01:28:05.452 ERROR PgBoss Start Error: Migration to version 12 failed because it could not be found.  Your database may have been upgraded by a newer version of pg-boss 
2020-03-24 01:28:11.651 ERROR PgBoss Start Error: Migration to version 12 failed because it could not be found.  Your database may have been upgraded by a newer version of pg-boss 
2020-03-24 01:29:59.082 ERROR PgBoss Start Error: Migration to version 12 failed because it could not be found.  Your database may have been upgraded by a newer version of pg-boss 
2020-03-24 01:32:38.130 ERROR PgBoss Start Error: Migration to version 12 failed because it could not be found.  Your database may have been upgraded by a newer version of pg-boss 
2020-03-24 01:33:09.354 ERROR PgBoss Start Error: Migration to version 12 failed because it could not be found.  Your database may have been upgraded by a newer version of pg-boss 
2020-03-24 01:33:53.322 ERROR PgBoss Start Error: Migration to version 12 failed because it could not be found.  Your database may have been upgraded by a newer version of pg-boss 
2020-03-24 01:34:29.430 ERROR PgBoss Start Error: Migration to version 12 failed because it could not be found.  Your database may have been upgraded by a newer version of pg-boss 
2020-03-24 01:35:02.740 ERROR PgBoss Start Error: Migration to version 12 failed because it could not be found.  Your database may have been upgraded by a newer version of pg-boss 
2020-03-24 01:35:08.513 ERROR PgBoss Start Error: Migration to version 12 failed because it could not be found.  Your database may have been upgraded by a newer version of pg-boss 
2020-03-24 01:35:32.534 ERROR PgBoss Start Error: Migration to version 12 failed because it could not be found.  Your database may have been upgraded by a newer version of pg-boss 
2020-03-24 01:36:15.607 ERROR PgBoss Start Error: Migration to version 12 failed because it could not be found.  Your database may have been upgraded by a newer version of pg-boss 
2020-03-24 01:37:12.876 ERROR PgBoss Start Error: Migration to version 12 failed because it could not be found.  Your database may have been upgraded by a newer version of pg-boss 
2020-03-24 01:39:20.083 ERROR PgBoss Start Error: Migration to version 12 failed because it could not be found.  Your database may have been upgraded by a newer version of pg-boss 
2020-03-24 01:40:01.933 ERROR PgBoss Start Error: Migration to version 12 failed because it could not be found.  Your database may have been upgraded by a newer version of pg-boss 
2020-03-24 01:40:07.363 ERROR PgBoss Start Error: Migration to version 12 failed because it could not be found.  Your database may have been upgraded by a newer version of pg-boss 
2020-03-24 02:33:42.662 ERROR PgBoss Start Error: Migration to version 12 failed because it could not be found.  Your database may have been upgraded by a newer version of pg-boss 
2020-03-24 02:52:17.844 ERROR PgBoss Start Error: Migration to version 12 failed because it could not be found.  Your database may have been upgraded by a newer version of pg-boss 
2020-03-24 02:55:21.869 ERROR PgBoss Start Error: Migration to version 12 failed because it could not be found.  Your database may have been upgraded by a newer version of pg-boss 
2020-03-24 02:55:46.989 ERROR PgBoss Start Error: Migration to version 12 failed because it could not be found.  Your database may have been upgraded by a newer version of pg-boss 
2020-03-24 02:57:31.960 ERROR PgBoss Start Error: Migration to version 12 failed because it could not be found.  Your database may have been upgraded by a newer version of pg-boss 
2020-03-24 02:57:39.048 ERROR PgBoss Start Error: Migration to version 12 failed because it could not be found.  Your database may have been upgraded by a newer version of pg-boss 
2020-03-24 02:58:14.058 ERROR PgBoss Start Error: Migration to version 12 failed because it could not be found.  Your database may have been upgraded by a newer version of pg-boss 
2020-03-24 02:58:29.071 ERROR PgBoss Start Error: Migration to version 12 failed because it could not be found.  Your database may have been upgraded by a newer version of pg-boss 
2020-03-24 03:00:04.291 ERROR PgBoss Start Error: Migration to version 12 failed because it could not be found.  Your database may have been upgraded by a newer version of pg-boss 
2020-03-24 03:00:31.310 ERROR PgBoss Start Error: Migration to version 12 failed because it could not be found.  Your database may have been upgraded by a newer version of pg-boss 
2020-03-24 03:00:38.649 ERROR PgBoss Start Error: Migration to version 12 failed because it could not be found.  Your database may have been upgraded by a newer version of pg-boss 
2020-03-24 03:00:58.185 ERROR PgBoss Start Error: Migration to version 12 failed because it could not be found.  Your database may have been upgraded by a newer version of pg-boss 
2020-03-24 03:01:22.653 ERROR PgBoss Start Error: Migration to version 12 failed because it could not be found.  Your database may have been upgraded by a newer version of pg-boss 
2020-03-24 03:01:44.110 ERROR PgBoss Start Error: Migration to version 12 failed because it could not be found.  Your database may have been upgraded by a newer version of pg-boss 
2020-03-24 03:03:20.964 ERROR PgBoss Start Error: Migration to version 12 failed because it could not be found.  Your database may have been upgraded by a newer version of pg-boss 
2020-03-24 03:08:19.604 ERROR PgBoss Start Error: Migration to version 12 failed because it could not be found.  Your database may have been upgraded by a newer version of pg-boss 
2020-03-24 03:14:46.129 ERROR PgBoss Start Error: Migration to version 12 failed because it could not be found.  Your database may have been upgraded by a newer version of pg-boss 
2020-03-24 03:15:07.330 ERROR PgBoss Start Error: Migration to version 12 failed because it could not be found.  Your database may have been upgraded by a newer version of pg-boss 
2020-03-24 03:15:29.588 ERROR PgBoss Start Error: Migration to version 12 failed because it could not be found.  Your database may have been upgraded by a newer version of pg-boss 
2020-03-24 03:15:55.060 ERROR PgBoss Start Error: Migration to version 12 failed because it could not be found.  Your database may have been upgraded by a newer version of pg-boss 
2020-03-24 03:16:57.980 ERROR PgBoss Start Error: Migration to version 12 failed because it could not be found.  Your database may have been upgraded by a newer version of pg-boss 
2020-03-24 03:20:03.233 ERROR PgBoss Start Error: Migration to version 12 failed because it could not be found.  Your database may have been upgraded by a newer version of pg-boss 
2020-03-24 03:20:59.612 ERROR PgBoss Start Error: Migration to version 12 failed because it could not be found.  Your database may have been upgraded by a newer version of pg-boss 
2020-03-24 03:29:32.801 ERROR PgBoss Start Error: Migration to version 12 failed because it could not be found.  Your database may have been upgraded by a newer version of pg-boss 
2020-03-24 03:30:41.803 ERROR PgBoss Start Error: Migration to version 12 failed because it could not be found.  Your database may have been upgraded by a newer version of pg-boss 
2020-03-24 03:31:02.619 ERROR PgBoss Start Error: Migration to version 12 failed because it could not be found.  Your database may have been upgraded by a newer version of pg-boss 
2020-03-24 03:32:01.708 ERROR PgBoss Start Error: Migration to version 12 failed because it could not be found.  Your database may have been upgraded by a newer version of pg-boss 
2020-03-24 03:49:20.946 ERROR PgBoss Start Error: Migration to version 12 failed because it could not be found.  Your database may have been upgraded by a newer version of pg-boss 
2020-03-24 03:49:28.771 ERROR PgBoss Start Error: Migration to version 12 failed because it could not be found.  Your database may have been upgraded by a newer version of pg-boss 
2020-03-24 03:49:37.054 ERROR PgBoss Start Error: Migration to version 12 failed because it could not be found.  Your database may have been upgraded by a newer version of pg-boss 
2020-03-24 03:50:19.080 ERROR PgBoss Start Error: Migration to version 12 failed because it could not be found.  Your database may have been upgraded by a newer version of pg-boss 
2020-03-24 03:50:26.559 ERROR PgBoss Start Error: Migration to version 12 failed because it could not be found.  Your database may have been upgraded by a newer version of pg-boss 
2020-03-24 03:50:39.510 ERROR PgBoss Start Error: Migration to version 12 failed because it could not be found.  Your database may have been upgraded by a newer version of pg-boss 
2020-03-24 03:50:47.923 ERROR PgBoss Start Error: Migration to version 12 failed because it could not be found.  Your database may have been upgraded by a newer version of pg-boss 
2020-03-24 03:51:05.532 ERROR PgBoss Start Error: Migration to version 12 failed because it could not be found.  Your database may have been upgraded by a newer version of pg-boss 
2020-03-24 03:51:13.344 ERROR PgBoss Start Error: Migration to version 12 failed because it could not be found.  Your database may have been upgraded by a newer version of pg-boss 
2020-03-24 03:51:27.309 ERROR PgBoss Start Error: Migration to version 12 failed because it could not be found.  Your database may have been upgraded by a newer version of pg-boss 
2020-03-24 03:51:40.548 ERROR PgBoss Start Error: Migration to version 12 failed because it could not be found.  Your database may have been upgraded by a newer version of pg-boss 
2020-03-24 03:51:47.645 ERROR PgBoss Start Error: Migration to version 12 failed because it could not be found.  Your database may have been upgraded by a newer version of pg-boss 
2020-03-24 03:52:07.444 ERROR PgBoss Start Error: Migration to version 12 failed because it could not be found.  Your database may have been upgraded by a newer version of pg-boss 
2020-03-24 03:52:26.026 ERROR PgBoss Start Error: Migration to version 12 failed because it could not be found.  Your database may have been upgraded by a newer version of pg-boss 
2020-03-24 03:52:31.378 ERROR PgBoss Start Error: Migration to version 12 failed because it could not be found.  Your database may have been upgraded by a newer version of pg-boss 
2020-03-24 03:52:56.598 ERROR PgBoss Start Error: Migration to version 12 failed because it could not be found.  Your database may have been upgraded by a newer version of pg-boss 
2020-03-24 03:53:45.719 ERROR PgBoss Start Error: Migration to version 12 failed because it could not be found.  Your database may have been upgraded by a newer version of pg-boss 
2020-03-24 03:56:37.718 ERROR PgBoss Start Error: Migration to version 12 failed because it could not be found.  Your database may have been upgraded by a newer version of pg-boss 
2020-03-24 03:57:30.548 ERROR PgBoss Start Error: Migration to version 12 failed because it could not be found.  Your database may have been upgraded by a newer version of pg-boss 
2020-03-24 03:57:35.553 ERROR PgBoss Start Error: Migration to version 12 failed because it could not be found.  Your database may have been upgraded by a newer version of pg-boss 
2020-03-24 03:57:40.481 ERROR PgBoss Start Error: Migration to version 12 failed because it could not be found.  Your database may have been upgraded by a newer version of pg-boss 
2020-03-24 03:57:51.039 ERROR PgBoss Start Error: Migration to version 12 failed because it could not be found.  Your database may have been upgraded by a newer version of pg-boss 
2020-03-24 15:13:00.154 ERROR PgBoss Start Error: Migration to version 12 failed because it could not be found.  Your database may have been upgraded by a newer version of pg-boss 
2020-03-24 19:48:07.540 ERROR PgBoss Start Error: Migration to version 12 failed because it could not be found.  Your database may have been upgraded by a newer version of pg-boss 
2020-03-24 19:48:25.201 ERROR PgBoss Start Error: Migration to version 12 failed because it could not be found.  Your database may have been upgraded by a newer version of pg-boss 
2020-03-24 19:49:32.392 ERROR PgBoss Start Error: Migration to version 12 failed because it could not be found.  Your database may have been upgraded by a newer version of pg-boss 
2020-03-24 19:49:39.027 ERROR PgBoss Start Error: Migration to version 12 failed because it could not be found.  Your database may have been upgraded by a newer version of pg-boss 
2020-03-24 19:49:58.914 ERROR PgBoss Start Error: Migration to version 12 failed because it could not be found.  Your database may have been upgraded by a newer version of pg-boss 
2020-03-24 19:50:41.819 ERROR PgBoss Start Error: Migration to version 12 failed because it could not be found.  Your database may have been upgraded by a newer version of pg-boss 
2020-03-24 19:50:55.129 ERROR PgBoss Start Error: Migration to version 12 failed because it could not be found.  Your database may have been upgraded by a newer version of pg-boss 
2020-03-24 19:51:10.031 ERROR PgBoss Start Error: Migration to version 12 failed because it could not be found.  Your database may have been upgraded by a newer version of pg-boss 
2020-03-24 19:51:24.125 ERROR PgBoss Start Error: Migration to version 12 failed because it could not be found.  Your database may have been upgraded by a newer version of pg-boss 
2020-03-24 19:59:38.830 ERROR PgBoss Start Error: Migration to version 12 failed because it could not be found.  Your database may have been upgraded by a newer version of pg-boss 
2020-03-24 20:00:18.834 ERROR PgBoss Start Error: Migration to version 12 failed because it could not be found.  Your database may have been upgraded by a newer version of pg-boss 
2020-03-24 20:22:38.821 ERROR PgBoss Start Error: Migration to version 12 failed because it could not be found.  Your database may have been upgraded by a newer version of pg-boss 
2020-03-24 20:23:11.630 ERROR PgBoss Start Error: Migration to version 12 failed because it could not be found.  Your database may have been upgraded by a newer version of pg-boss 
2020-03-24 20:24:22.719 ERROR PgBoss Start Error: Migration to version 12 failed because it could not be found.  Your database may have been upgraded by a newer version of pg-boss 
2020-03-24 20:24:30.151 ERROR PgBoss Start Error: Migration to version 12 failed because it could not be found.  Your database may have been upgraded by a newer version of pg-boss 
2020-03-24 20:26:36.408 ERROR PgBoss Start Error: Migration to version 12 failed because it could not be found.  Your database may have been upgraded by a newer version of pg-boss 
2020-03-24 20:27:03.032 ERROR PgBoss Start Error: Migration to version 12 failed because it could not be found.  Your database may have been upgraded by a newer version of pg-boss 
2020-03-24 20:27:41.509 ERROR PgBoss Start Error: Migration to version 12 failed because it could not be found.  Your database may have been upgraded by a newer version of pg-boss 
2020-03-24 20:27:50.023 ERROR PgBoss Start Error: Migration to version 12 failed because it could not be found.  Your database may have been upgraded by a newer version of pg-boss 
2020-03-24 20:30:38.720 ERROR PgBoss Start Error: Migration to version 12 failed because it could not be found.  Your database may have been upgraded by a newer version of pg-boss 
2020-03-24 20:30:56.855 ERROR PgBoss Start Error: Migration to version 12 failed because it could not be found.  Your database may have been upgraded by a newer version of pg-boss 
2020-03-24 20:31:15.586 ERROR PgBoss Start Error: Migration to version 12 failed because it could not be found.  Your database may have been upgraded by a newer version of pg-boss 
2020-03-24 20:32:32.960 ERROR PgBoss Start Error: Migration to version 12 failed because it could not be found.  Your database may have been upgraded by a newer version of pg-boss 
2020-03-24 20:32:53.178 ERROR PgBoss Start Error: Migration to version 12 failed because it could not be found.  Your database may have been upgraded by a newer version of pg-boss 
2020-03-24 20:33:42.033 ERROR PgBoss Start Error: Migration to version 12 failed because it could not be found.  Your database may have been upgraded by a newer version of pg-boss 
2020-03-24 20:34:10.111 ERROR PgBoss Start Error: Migration to version 12 failed because it could not be found.  Your database may have been upgraded by a newer version of pg-boss 
2020-03-24 20:38:26.014 ERROR PgBoss Start Error: Migration to version 12 failed because it could not be found.  Your database may have been upgraded by a newer version of pg-boss 
2020-03-24 20:49:20.539 ERROR PgBoss Start Error: Migration to version 12 failed because it could not be found.  Your database may have been upgraded by a newer version of pg-boss 
2020-03-24 20:50:24.076 ERROR PgBoss Start Error: Migration to version 12 failed because it could not be found.  Your database may have been upgraded by a newer version of pg-boss 
2020-03-24 20:52:18.371 ERROR PgBoss Start Error: Migration to version 12 failed because it could not be found.  Your database may have been upgraded by a newer version of pg-boss 
2020-03-24 20:53:06.118 ERROR PgBoss Start Error: Migration to version 12 failed because it could not be found.  Your database may have been upgraded by a newer version of pg-boss 
2020-03-24 20:56:20.258 ERROR PgBoss Start Error: Migration to version 12 failed because it could not be found.  Your database may have been upgraded by a newer version of pg-boss 
2020-03-24 20:57:26.553 ERROR PgBoss Start Error: Migration to version 12 failed because it could not be found.  Your database may have been upgraded by a newer version of pg-boss 
2020-03-24 21:02:46.370 ERROR PgBoss Start Error: Migration to version 12 failed because it could not be found.  Your database may have been upgraded by a newer version of pg-boss 
2020-03-24 21:14:23.458 ERROR PgBoss Start Error: Migration to version 12 failed because it could not be found.  Your database may have been upgraded by a newer version of pg-boss 
2020-03-24 21:14:35.570 ERROR PgBoss Start Error: Migration to version 12 failed because it could not be found.  Your database may have been upgraded by a newer version of pg-boss 
2020-03-24 21:17:33.174 ERROR PgBoss Start Error: Migration to version 12 failed because it could not be found.  Your database may have been upgraded by a newer version of pg-boss 
2020-03-24 21:18:49.818 ERROR PgBoss Start Error: Migration to version 12 failed because it could not be found.  Your database may have been upgraded by a newer version of pg-boss 
2020-03-24 21:19:02.914 ERROR PgBoss Start Error: Migration to version 12 failed because it could not be found.  Your database may have been upgraded by a newer version of pg-boss 
2020-03-24 21:19:10.415 ERROR PgBoss Start Error: Migration to version 12 failed because it could not be found.  Your database may have been upgraded by a newer version of pg-boss 
2020-03-24 21:21:01.549 ERROR PgBoss Start Error: Migration to version 12 failed because it could not be found.  Your database may have been upgraded by a newer version of pg-boss 
2020-03-24 21:22:39.682 ERROR PgBoss Start Error: Migration to version 12 failed because it could not be found.  Your database may have been upgraded by a newer version of pg-boss 
2020-03-24 21:23:20.801 ERROR PgBoss Start Error: Migration to version 12 failed because it could not be found.  Your database may have been upgraded by a newer version of pg-boss 
2020-03-24 21:24:19.006 ERROR PgBoss Start Error: Migration to version 12 failed because it could not be found.  Your database may have been upgraded by a newer version of pg-boss 
2020-03-24 21:24:48.742 ERROR PgBoss Start Error: Migration to version 12 failed because it could not be found.  Your database may have been upgraded by a newer version of pg-boss 
2020-03-24 21:25:00.657 ERROR PgBoss Start Error: Migration to version 12 failed because it could not be found.  Your database may have been upgraded by a newer version of pg-boss 
2020-03-24 21:26:44.941 INFO  Create MAPS CN: Request Body: {"address_simplified":"{\"street\":\"ABDULLAH BALKHAYR ST\",\"street_ar\":\"شارع عبدالله\",\"intersection\":\"AL MATAR ST\",\"intersection_ar\":\"شارع المطار\"}","amount":100,"assignment_id":"174","car_brand":"Chery","car_brand_ar":"شيري","car_brand_id":"16","car_color":"Turquoise","car_color_ar":"فيروزي","car_color_id":"11","car_model":"CARRY","car_model_ar":"كاري","car_model_id":"765","car_plate":"6838VKX","car_plate_ar":"صكى6838","car_plate_print_ar":"ص‌ك‌ى‌6838","car_type":"Sedan","car_type_ar":"سيدان","city_cd":"JED","cn_number":0,"country_authority_code":"KSA","creation":"2020-03-24T14:26:32.690+0100","creationObs":"2020-03-24 14:26:32","creator_id":"5555555551","creator_username":"TEnforcer7","deleteStatus":"0","intersection_cd":"AMS","intersection_name_ar":"شارع المطار","intersection_name_en":"AL MATAR ST","is_nonpayment":"false","is_virtual_ticket_checked":"2","latitude":48.7927633,"localPlatePicture":"/data/user/0/net.datategy.neuro_park.dev/files/2020-03-24-02.25.56.334.jpeg","localVehiclePicture":"/storage/emulated/0/Download/Datategy_VehicleModels/2notavailable.jpg","local_violation_picture":"/storage/emulated/0/Android/data/net.datategy.neuro_park.dev/files/2020-03-24-02.26.30.jpeg","local_map_picture":"/data/user/0/net.datategy.neuro_park.dev/files/2003241326325555555551y.jpeg","longitude":2.3178317,"notes":"","observation_time":2,"cn_number_offline":"2003241326325555555551","online":0,"plate_country":"Saudi Arab","plate_country_ar":"السعودية","plate_picture":"uploads\\mobile\\contraventions\\2020\\03\\upload-1585056400657.jpeg","plate_type":"PRIVATE (WHITE)","plate_type_ar":"خاص بيضاء","plate_type_code":"1","project_id":"3","sent_at":"2020-03-24T14:26:45.717+0100","sent_by":"MAPS","status":"0","street_cd":"205","street_name_ar":"شارع عبدالله","street_name_en":"ABDULLAH BALKHAYR ST","violation":"Parked without displaying a valid parking ticket","violation_ar":"الوقوف بدون دفع او باثبات دفع منتهي الصلاحية - 10","violation_code":"10","violation_decision":"Observation","violation_id":"58","violation_picture":"uploads\\mobile\\contraventions\\2020\\03\\upload-1585056402909.jpeg","zone_id":"140"} 
2020-03-24 21:26:49.941 INFO  Create MAPS CN(Observation): 1111126307-2003241326325555555551 sent by MAPS 
2020-03-24 21:26:54.198 INFO  formatDate: string-2020-03-24T14:26:32.690+0100, number-3 
2020-03-24 21:26:54.199 INFO  formatDate: string-2020-03-24T13:28:32.690Z, number-3 
2020-03-24 21:26:54.200 INFO  CreateVRM-request: {"data":{"Bu_cd":"900","Vrm_Cd":"2003241326325555555551","License_Plate":"صكى6838","Lp_Type_Cd":"1","Make_Cd":16,"Model_Cd":765,"Color_Cd":11,"Vrm_Eo_Cd":"5555555551","Violation_Cd":"10","City_Cd":"JED","Route_Cd":"01","Zone_Cd":"01","Street_Cd":"205","Intersection_Cd":"AMS","Vrm_DateTime":"24-MAR-2020 16:26:32","Finish_Time_Observation":"24-MAR-2020 16:28:32","pda_Cd":"0000000574","Violation_Recorded":"0","plate_pic_path":"uploads\\mobile\\contraventions\\2020\\03\\upload-1585056400657.jpeg","violation_pic_path":"uploads\\mobile\\contraventions\\2020\\03\\upload-1585056402909.jpeg","Remarks":"datategy CN"}} 
2020-03-24 21:26:58.082 INFO  CreateVRM-result: {"name":"CreateVRM","error_code":"0","message":"Success","data":[{"Vrm_Cd":"6968306","ErrorCode":"0"}]} 
2020-03-24 21:33:12.530 INFO  Create MAPS CN(Transformed): 1111126307-2003241326325555555551 sent by MAPS 
2020-03-24 21:33:18.392 ERROR Publish a recall OSES Error: CN #2003241326325555555551: Cannot read property 'publish' of null 
2020-03-24 21:33:20.524 INFO  Create Cashier_Exit: T1585056799209 from CN undefined, Job undefined 
2020-03-24 21:33:20.526 INFO  Create Cashier_Ticket: T1585056799209 from CN undefined, Job undefined 
2020-03-24 21:47:00.833 ERROR PgBoss Start Error: Migration to version 12 failed because it could not be found.  Your database may have been upgraded by a newer version of pg-boss 
2020-03-24 22:06:20.225 INFO  PgBoss Started for Publish!:  
2020-03-24 22:28:32.043 INFO  PgBoss Started for Publish!:  
2020-03-24 22:54:04.575 INFO  PgBoss Started for Publish!:  
2020-03-24 22:54:33.257 INFO  PgBoss Started for Publish!:  
2020-03-24 22:55:24.099 INFO  PgBoss Started for Publish!:  
2020-03-24 23:01:54.601 INFO  Create MAPS CN: Request Body: {"address_simplified":"{\"street\":\"ABDULLAH BALKHAYR ST\",\"street_ar\":\"شارع عبدالله\",\"intersection\":\"AL MATAR ST\",\"intersection_ar\":\"شارع المطار\"}","amount":50,"assignment_id":"335","car_brand":"Chery","car_brand_ar":"شيري","car_brand_id":"16","car_color":"Green","car_color_ar":"اخضر","car_color_id":"5","car_model":"CARRY","car_model_ar":"كاري","car_model_id":"765","car_plate":"8686XNN","car_plate_ar":"ننص8686","car_plate_print_ar":"ن‌ن‌ص‌8686","car_type":"Sedan","car_type_ar":"سيدان","city_cd":"JED","cn_number":0,"country_authority_code":"KSA","creation":"2020-03-24T15:37:18.569+0100","creationObs":"2020-03-24 15:37:18","creator_id":"5555555551","creator_username":"TEnforcer7","deleteStatus":"1","intersection_cd":"AMS","intersection_name_ar":"شارع المطار","intersection_name_en":"AL MATAR ST","is_nonpayment":"false","is_virtual_ticket_checked":"2","latitude":48.7929324,"localPlatePicture":"/data/user/0/net.datategy.neuro_park.dev/files/2020-03-24-03.36.44.194.jpeg","localVehiclePicture":"/storage/emulated/0/Download/Datategy_VehicleModels/2notavailable.jpg","local_violation_picture":"/storage/emulated/0/Android/data/net.datategy.neuro_park.dev/files/2020-03-24-03.37.09.jpeg","local_map_picture":"/data/user/0/net.datategy.neuro_park.dev/files/nully.jpeg","longitude":2.317756,"notes":"","observation_time":0,"cn_number_offline":"2003241437185555555551","online":0,"plate_country":"Saudi Arab","plate_country_ar":"السعودية","plate_picture":"uploads\\mobile\\contraventions\\2020\\03\\upload-1585062098905.jpeg","plate_type":"PRIVATE (WHITE)","plate_type_ar":"خاص بيضاء","plate_type_code":"1","project_id":"3","sent_at":"2020-03-24T16:01:55.753+0100","sent_by":"MAPS","status":"1","street_cd":"205","street_name_ar":"شارع عبدالله","street_name_en":"ABDULLAH BALKHAYR ST","violation":"Parked without at least one license plate","violation_ar":"الوقوف بدون لوحة واحدة على الاقل في حيز الوقوف - 16","violation_code":"16","violation_decision":"Direct TOW","violation_id":"75","violation_picture":"uploads\\mobile\\contraventions\\2020\\03\\upload-1585062105721.jpeg","zone_id":"140"} 
2020-03-24 23:01:54.858 INFO  Create MAPS CN: Request Body: {"address_simplified":"{\"street\":\"ABDULLAH BALKHAYR ST\",\"street_ar\":\"شارع عبدالله\",\"intersection\":\"AL MATAR ST\",\"intersection_ar\":\"شارع المطار\"}","amount":30,"assignment_id":"269","car_brand":"Kia","car_brand_ar":"كيا","car_brand_id":"54","car_color":"Turquoise","car_color_ar":"فيروزي","car_color_id":"11","car_model":"Borrego","car_model_ar":"Borrego","car_model_id":"301","car_plate":"85LKN","car_plate_ar":"نكل85","car_plate_print_ar":"ن‌ك‌ل‌85","car_type":"Sedan","car_type_ar":"سيدان","city_cd":"JED","cn_number":0,"country_authority_code":"KSA","creation":"2020-03-24T15:46:30.500+0100","creationObs":"2020-03-24 15:46:30","creator_id":"5555555551","creator_username":"TEnforcer7","deleteStatus":"1","intersection_cd":"AMS","intersection_name_ar":"شارع المطار","intersection_name_en":"AL MATAR ST","is_nonpayment":"false","is_virtual_ticket_checked":"2","latitude":48.7929269,"localPlatePicture":"/data/user/0/net.datategy.neuro_park.dev/files/2020-03-24-03.46.04.292.jpeg","localVehiclePicture":"/storage/emulated/0/Download/Datategy_VehicleModels/2kia_borrego.jpg","local_violation_picture":"/storage/emulated/0/Android/data/net.datategy.neuro_park.dev/files/2020-03-24-03.46.27.jpeg","local_map_picture":"/data/user/0/net.datategy.neuro_park.dev/files/2003241446305555555551y.jpeg","longitude":2.3178789,"notes":"","observation_time":0,"cn_number_offline":"2003241446305555555551","online":0,"plate_country":"Saudi Arab","plate_country_ar":"السعودية","plate_picture":"uploads\\mobile\\contraventions\\2020\\03\\upload-1585062100140.jpeg","plate_type":"PRIVATE (WHITE)","plate_type_ar":"خاص بيضاء","plate_type_code":"1","project_id":"3","sent_at":"2020-03-24T16:01:53.806+0100","sent_by":"MAPS","status":"1","street_cd":"205","street_name_ar":"شارع عبدالله","street_name_en":"ABDULLAH BALKHAYR ST","violation":"Displayed a Special Needs parking ticket without displaying appropriate badge","violation_ar":"عرض تذكرة ذوي الإحتياجات الخاصة دون عرض تصريح بذلك-19","violation_code":"19","violation_decision":"Direct Clamp","violation_id":"72","violation_picture":"uploads\\mobile\\contraventions\\2020\\03\\upload-1585062104515.jpeg","zone_id":"140"} 
2020-03-24 23:02:02.293 INFO  Create MAPS CN: 1111126308-2003241446305555555551 sent by MAPS 
2020-03-24 23:02:03.688 INFO  Create MAPS CN: 1111126309-2003241437185555555551 sent by MAPS 
2020-03-24 23:02:04.374 INFO  formatDate: string-2020-03-24T15:46:30.500+0100, number-3 
2020-03-24 23:02:04.378 INFO  formatDate: string-2020-03-24T14:46:30.500Z, number-3 
2020-03-24 23:02:04.381 INFO  CreateVRM-request: {"data":{"Bu_cd":"900","Vrm_Cd":"2003241446305555555551","License_Plate":"نكل85","Lp_Type_Cd":"1","Make_Cd":54,"Model_Cd":301,"Color_Cd":11,"Vrm_Eo_Cd":"5555555551","Violation_Cd":"19","City_Cd":"JED","Route_Cd":"01","Zone_Cd":"01","Street_Cd":"205","Intersection_Cd":"AMS","Vrm_DateTime":"24-MAR-2020 17:46:30","Finish_Time_Observation":"24-MAR-2020 17:46:30","pda_Cd":"0000000574","Violation_Recorded":"0","plate_pic_path":"uploads\\mobile\\contraventions\\2020\\03\\upload-1585062100140.jpeg","violation_pic_path":"uploads\\mobile\\contraventions\\2020\\03\\upload-1585062104515.jpeg","Remarks":"datategy CN"}} 
2020-03-24 23:02:05.831 INFO  formatDate: string-2020-03-24T15:37:18.569+0100, number-3 
2020-03-24 23:02:05.833 INFO  formatDate: string-2020-03-24T14:37:18.569Z, number-3 
2020-03-24 23:02:05.835 INFO  CreateVRM-request: {"data":{"Bu_cd":"900","Vrm_Cd":"2003241437185555555551","License_Plate":"ننص8686","Lp_Type_Cd":"1","Make_Cd":16,"Model_Cd":765,"Color_Cd":5,"Vrm_Eo_Cd":"5555555551","Violation_Cd":"16","City_Cd":"JED","Route_Cd":"01","Zone_Cd":"01","Street_Cd":"205","Intersection_Cd":"AMS","Vrm_DateTime":"24-MAR-2020 17:37:18","Finish_Time_Observation":"24-MAR-2020 17:37:18","pda_Cd":"0000000574","Violation_Recorded":"0","plate_pic_path":"uploads\\mobile\\contraventions\\2020\\03\\upload-1585062098905.jpeg","violation_pic_path":"uploads\\mobile\\contraventions\\2020\\03\\upload-1585062105721.jpeg","Remarks":"datategy CN"}} 
2020-03-24 23:02:10.482 INFO  CreateVRM-result: {"name":"CreateVRM","error_code":"0","message":"Success","data":[{"Vrm_Cd":"6968307","ErrorCode":"0"}]} 
2020-03-24 23:02:11.548 INFO  CreateVRM-result: {"name":"CreateVRM","error_code":"0","message":"Success","data":[{"Vrm_Cd":"6968308","ErrorCode":"0"}]} 
2020-03-24 23:02:13.918 INFO  Create MAPS Job: 2484 from CN #2003241446305555555551 
2020-03-24 23:02:15.137 INFO  Create MAPS Job: 2483 from CN #2003241437185555555551 
2020-03-24 23:02:17.751 INFO  Publish a recall OSES: CN #2003241446305555555551 
2020-03-24 23:02:18.721 INFO  Publish a recall OSES: CN #2003241437185555555551 
2020-03-24 23:02:19.471 INFO  Create Cashier_Exit: T1585062138608 from CN undefined, Job undefined 
2020-03-24 23:02:19.472 INFO  Create Cashier_Ticket: T1585062138608 from CN undefined, Job undefined 
2020-03-24 23:02:21.630 INFO  Create Cashier_Exit: T1585062139581 from CN undefined, Job undefined 
2020-03-24 23:02:21.631 INFO  Create Cashier_Ticket: T1585062139581 from CN undefined, Job undefined 
2020-03-24 23:04:39.223 INFO  PgBoss Started for Publish!:  
2020-03-24 23:04:50.880 INFO  PgBoss Started for Publish!:  
2020-03-24 23:32:26.348 INFO  PgBoss Started for Publish!:  
2020-03-24 23:32:41.814 INFO  PgBoss Started for Publish!:  
2020-03-24 23:46:10.084 INFO  PgBoss Started for Publish!:  
2020-03-24 23:46:42.311 INFO  PgBoss Started for Publish!:  

